<?xml version="1.0" encoding="UTF-8"?>
<!-- Generated by org.testng.reporters.JUnitReportReporter -->
<testsuite hostname="6934-CRZCB54" failures="0" tests="3" name="testNG.DependsOnMethods" time="89.507" errors="0" timestamp="2025-03-12T14:06:06 IST" skipped="0">
  <testcase classname="testNG.DependsOnMethods" name="login" time="29.687"/>
  <system-out>
    <![CDATA[login test case executed]]>
  </system-out>
  <testcase classname="testNG.DependsOnMethods" name="cart" time="26.867"/>
  <system-out>
    <![CDATA[Item added to the Cart]]>
  </system-out>
  <testcase classname="testNG.DependsOnMethods" name="register" time="32.953"/>
  <system-out>
    <![CDATA[register test case executed]]>
  </system-out>
</testsuite> <!-- testNG.DependsOnMethods -->
