<?xml version="1.0" encoding="UTF-8"?>
<!-- Generated by org.testng.reporters.JUnitReportReporter -->
<testsuite hostname="6934-CRZCB54" failures="0" tests="4" name="testNG.Sample" time="102.492" errors="0" timestamp="2025-03-09T13:39:00 IST" skipped="1">
  <testcase classname="testNG.Sample" name="login" time="33.477"/>
  <system-out>
    <![CDATA[login test case executed]]>
  </system-out>
  <testcase classname="testNG.Sample" name="login" time="34.830"/>
  <system-out>
    <![CDATA[login test case executed]]>
  </system-out>
  <testcase classname="testNG.Sample" name="login" time="34.185"/>
  <system-out>
    <![CDATA[login test case executed]]>
  </system-out>
  <testcase classname="testNG.Sample" name="register">
    <skipped/>
  </testcase> <!-- register -->
  <system-out/>
</testsuite> <!-- testNG.Sample -->
