<?xml version="1.0" encoding="UTF-8"?>
<!-- Generated by org.testng.reporters.JUnitXMLReporter -->
<testsuite ignored="0" hostname="6934-CRZCB54" failures="0" tests="3" name="Default test" time="89.534" errors="0" timestamp="2025-03-12T14:06:05 IST">
  <testcase classname="testNG.DependsOnMethods" name="register" time="32.953"/>
  <testcase classname="testNG.DependsOnMethods" name="login" time="29.687"/>
  <testcase classname="testNG.DependsOnMethods" name="cart" time="26.867"/>
</testsuite> <!-- Default test -->
